# JRE version: Java(TM) SE Runtime Environment (8.0_261-b12) (build 1.8.0_261-b12)
# Java VM: Java HotSpot(TM) 64-Bit Server VM (25.261-b12 mixed mode windows-amd64 compressed oops)
Heap:
 PSYoungGen      total 37888K, used 16005K [0x00000000d6600000, 0x00000000db000000, 0x0000000100000000)
  eden space 32768K, 48% used [0x00000000d6600000,0x00000000d75a14c8,0x00000000d8600000)
  from space 5120K, 0% used [0x00000000dab00000,0x00000000dab00000,0x00000000db000000)
  to   space 5120K, 0% used [0x00000000d8600000,0x00000000d8600000,0x00000000d8b00000)
 ParOldGen       total 100864K, used 29438K [0x0000000083200000, 0x0000000089480000, 0x00000000d6600000)
  object space 100864K, 29% used [0x0000000083200000,0x0000000084ebfb50,0x0000000089480000)
 Metaspace       used 12329K, capacity 12582K, committed 12672K, reserved 1060864K
  class space    used 1527K, capacity 1625K, committed 1664K, reserved 1048576K
GC Heap History (6 events):
Event: 0.801 GC heap before
{Heap before GC invocations=1 (full 0):
 PSYoungGen      total 37888K, used 32768K [0x00000000d6600000, 0x00000000d9000000, 0x0000000100000000)
  eden space 32768K, 100% used [0x00000000d6600000,0x00000000d8600000,0x00000000d8600000)
  from space 5120K, 0% used [0x00000000d8b00000,0x00000000d8b00000,0x00000000d9000000)
  to   space 5120K, 0% used [0x00000000d8600000,0x00000000d8600000,0x00000000d8b00000)
 ParOldGen       total 86016K, used 0K [0x0000000083200000, 0x0000000088600000, 0x00000000d6600000)
  object space 86016K, 0% used [0x0000000083200000,0x0000000083200000,0x0000000088600000)
 Metaspace       used 7645K, capacity 7812K, committed 7936K, reserved 1056768K
  class space    used 932K, capacity 1002K, committed 1024K, reserved 1048576K
Event: 0.815 GC heap after
Heap after GC invocations=1 (full 0):
 PSYoungGen      total 37888K, used 5112K [0x00000000d6600000, 0x00000000db000000, 0x0000000100000000)
  eden space 32768K, 0% used [0x00000000d6600000,0x00000000d6600000,0x00000000d8600000)
  from space 5120K, 99% used [0x00000000d8600000,0x00000000d8afe0c0,0x00000000d8b00000)
  to   space 5120K, 0% used [0x00000000dab00000,0x00000000dab00000,0x00000000db000000)
 ParOldGen       total 86016K, used 37275K [0x0000000083200000, 0x0000000088600000, 0x00000000d6600000)
  object space 86016K, 43% used [0x0000000083200000,0x0000000085666e68,0x0000000088600000)
 Metaspace       used 7645K, capacity 7812K, committed 7936K, reserved 1056768K
  class space    used 932K, capacity 1002K, committed 1024K, reserved 1048576K
}
Event: 854.663 GC heap before
{Heap before GC invocations=2 (full 0):
 PSYoungGen      total 37888K, used 37880K [0x00000000d6600000, 0x00000000db000000, 0x0000000100000000)
  eden space 32768K, 100% used [0x00000000d6600000,0x00000000d8600000,0x00000000d8600000)
  from space 5120K, 99% used [0x00000000d8600000,0x00000000d8afe0c0,0x00000000d8b00000)
  to   space 5120K, 0% used [0x00000000dab00000,0x00000000dab00000,0x00000000db000000)
 ParOldGen       total 86016K, used 37275K [0x0000000083200000, 0x0000000088600000, 0x00000000d6600000)
  object space 86016K, 43% used [0x0000000083200000,0x0000000085666e68,0x0000000088600000)
 Metaspace       used 10102K, capacity 10300K, committed 10624K, reserved 1058816K
  class space    used 1225K, capacity 1292K, committed 1408K, reserved 1048576K
Event: 854.676 GC heap after
Heap after GC invocations=2 (full 0):
 PSYoungGen      total 37888K, used 5115K [0x00000000d6600000, 0x00000000db000000, 0x0000000100000000)
  eden space 32768K, 0% used [0x00000000d6600000,0x00000000d6600000,0x00000000d8600000)
  from space 5120K, 99% used [0x00000000dab00000,0x00000000daffee98,0x00000000db000000)
  to   space 5120K, 0% used [0x00000000d8600000,0x00000000d8600000,0x00000000d8b00000)
 ParOldGen       total 86016K, used 69123K [0x0000000083200000, 0x0000000088600000, 0x00000000d6600000)
  object space 86016K, 80% used [0x0000000083200000,0x0000000087580e78,0x0000000088600000)
 Metaspace       used 10102K, capacity 10300K, committed 10624K, reserved 1058816K
  class space    used 1225K, capacity 1292K, committed 1408K, reserved 1048576K
}
Event: 854.676 GC heap before
{Heap before GC invocations=3 (full 1):
 PSYoungGen      total 37888K, used 5115K [0x00000000d6600000, 0x00000000db000000, 0x0000000100000000)
  eden space 32768K, 0% used [0x00000000d6600000,0x00000000d6600000,0x00000000d8600000)
  from space 5120K, 99% used [0x00000000dab00000,0x00000000daffee98,0x00000000db000000)
  to   space 5120K, 0% used [0x00000000d8600000,0x00000000d8600000,0x00000000d8b00000)
 ParOldGen       total 86016K, used 69123K [0x0000000083200000, 0x0000000088600000, 0x00000000d6600000)
  object space 86016K, 80% used [0x0000000083200000,0x0000000087580e78,0x0000000088600000)
 Metaspace       used 10102K, capacity 10300K, committed 10624K, reserved 1058816K
  class space    used 1225K, capacity 1292K, committed 1408K, reserved 1048576K
Event: 854.698 GC heap after
Heap after GC invocations=3 (full 1):
 PSYoungGen      total 37888K, used 0K [0x00000000d6600000, 0x00000000db000000, 0x0000000100000000)
  eden space 32768K, 0% used [0x00000000d6600000,0x00000000d6600000,0x00000000d8600000)
  from space 5120K, 0% used [0x00000000dab00000,0x00000000dab00000,0x00000000db000000)
  to   space 5120K, 0% used [0x00000000d8600000,0x00000000d8600000,0x00000000d8b00000)
 ParOldGen       total 100864K, used 29438K [0x0000000083200000, 0x0000000089480000, 0x00000000d6600000)
  object space 100864K, 29% used [0x0000000083200000,0x0000000084ebfb50,0x0000000089480000)
 Metaspace       used 10102K, capacity 10300K, committed 10624K, reserved 1058816K
  class space    used 1225K, capacity 1292K, committed 1408K, reserved 1048576K
}

